# JRE version: OpenJDK Runtime Environment (Zulu11.29+3-CA) (11.0.2+7) (build 11.0.2+7-LTS)
# Java VM: OpenJDK 64-Bit Server VM (11.0.2+7-LTS, mixed mode, tiered, compressed oops, g1 gc, linux-amd64)
Heap:
 garbage-first heap   total 232448K, used 144753K [0x0000000085800000, 0x0000000100000000)
  region size 1024K, 7 young (7168K), 6 survivors (6144K)
 Metaspace       used 53006K, capacity 54208K, committed 54396K, reserved 1097728K
  class space    used 6336K, capacity 6830K, committed 6860K, reserved 1048576K
GC Heap History (10 events):
Event: 3,512 GC heap before
{Heap before GC invocations=6 (full 0):
 garbage-first heap   total 152576K, used 67129K [0x0000000085800000, 0x0000000100000000)
  region size 1024K, 61 young (62464K), 6 survivors (6144K)
 Metaspace       used 34723K, capacity 35611K, committed 35708K, reserved 1081344K
  class space    used 4124K, capacity 4499K, committed 4556K, reserved 1048576K
}
Event: 3,528 GC heap after
{Heap after GC invocations=7 (full 0):
 garbage-first heap   total 152576K, used 15712K [0x0000000085800000, 0x0000000100000000)
  region size 1024K, 8 young (8192K), 8 survivors (8192K)
 Metaspace       used 34723K, capacity 35611K, committed 35708K, reserved 1081344K
  class space    used 4124K, capacity 4499K, committed 4556K, reserved 1048576K
}
Event: 5,107 GC heap before
{Heap before GC invocations=8 (full 0):
 garbage-first heap   total 152576K, used 86368K [0x0000000085800000, 0x0000000100000000)
  region size 1024K, 78 young (79872K), 8 survivors (8192K)
 Metaspace       used 41380K, capacity 42465K, committed 42748K, reserved 1087488K
  class space    used 4938K, capacity 5382K, committed 5452K, reserved 1048576K
}
Event: 5,129 GC heap after
{Heap after GC invocations=9 (full 0):
 garbage-first heap   total 152576K, used 22171K [0x0000000085800000, 0x0000000100000000)
  region size 1024K, 10 young (10240K), 10 survivors (10240K)
 Metaspace       used 41380K, capacity 42465K, committed 42748K, reserved 1087488K
  class space    used 4938K, capacity 5382K, committed 5452K, reserved 1048576K
}
Event: 6,345 GC heap before
{Heap before GC invocations=9 (full 0):
 garbage-first heap   total 152576K, used 96923K [0x0000000085800000, 0x0000000100000000)
  region size 1024K, 84 young (86016K), 10 survivors (10240K)
 Metaspace       used 44760K, capacity 45878K, committed 46204K, reserved 1089536K
  class space    used 5328K, capacity 5768K, committed 5836K, reserved 1048576K
}
Event: 6,375 GC heap after
{Heap after GC invocations=10 (full 0):
 garbage-first heap   total 152576K, used 26637K [0x0000000085800000, 0x0000000100000000)
  region size 1024K, 5 young (5120K), 5 survivors (5120K)
 Metaspace       used 44760K, capacity 45878K, committed 46204K, reserved 1089536K
  class space    used 5328K, capacity 5768K, committed 5836K, reserved 1048576K
}
Event: 7,673 GC heap before
{Heap before GC invocations=10 (full 0):
 garbage-first heap   total 178176K, used 144397K [0x0000000085800000, 0x0000000100000000)
  region size 1024K, 80 young (81920K), 5 survivors (5120K)
 Metaspace       used 50999K, capacity 52217K, committed 52348K, reserved 1095680K
  class space    used 6084K, capacity 6573K, committed 6604K, reserved 1048576K
}
Event: 7,689 GC heap after
{Heap after GC invocations=11 (full 0):
 garbage-first heap   total 232448K, used 60756K [0x0000000085800000, 0x0000000100000000)
  region size 1024K, 6 young (6144K), 6 survivors (6144K)
 Metaspace       used 50999K, capacity 52217K, committed 52348K, reserved 1095680K
  class space    used 6084K, capacity 6573K, committed 6604K, reserved 1048576K
}
Event: 8,310 GC heap before
{Heap before GC invocations=11 (full 0):
 garbage-first heap   total 232448K, used 187732K [0x0000000085800000, 0x0000000100000000)
  region size 1024K, 87 young (89088K), 6 survivors (6144K)
 Metaspace       used 52989K, capacity 54202K, committed 54396K, reserved 1097728K
  class space    used 6335K, capacity 6829K, committed 6860K, reserved 1048576K
}
Event: 8,322 GC heap after
{Heap after GC invocations=12 (full 0):
 garbage-first heap   total 232448K, used 93553K [0x0000000085800000, 0x0000000100000000)
  region size 1024K, 6 young (6144K), 6 survivors (6144K)
 Metaspace       used 52989K, capacity 54202K, committed 54396K, reserved 1097728K
  class space    used 6335K, capacity 6829K, committed 6860K, reserved 1048576K
}

